main>======================================================================
main>(Nov 17, 2014 15:26:26:257) C:\temp\cmdplugin.log opened.
main>(Nov 17, 2014 15:26:26:268) Personality: UBroker.AS (8299)
main>(Nov 17, 2014 15:26:26:269) Name: asbroker1  Personality: UBroker.AS (8459)
main>(Nov 17, 2014 15:26:26:300) Name: esbbroker1  Personality: UBroker.AS (8459)
main>(Nov 17, 2014 15:26:26:301) Name: icfrepos  Personality: UBroker.AS (8459)
main>(Nov 17, 2014 15:26:26:302) Personality: AIA (8299)
main>(Nov 17, 2014 15:26:26:302) Name: Aia1  Personality: AIA (8459)
main>(Nov 17, 2014 15:26:26:303) null
main>(Nov 17, 2014 15:26:26:303) Personality: WebSpeed.Messengers (8299)
main>(Nov 17, 2014 15:26:26:303) Name: CGIIP  Personality: WebSpeed.Messengers (8459)
main>(Nov 17, 2014 15:26:26:304) null
main>(Nov 17, 2014 15:26:26:304) Personality: UBroker.MS (8299)
main>(Nov 17, 2014 15:26:26:304) Name: mssbroker1  Personality: UBroker.MS (8459)
main>(Nov 17, 2014 15:26:26:305) Personality: NameServer (8299)
main>(Nov 17, 2014 15:26:26:305) Name: NS1  Personality: NameServer (8459)
main>(Nov 17, 2014 15:26:26:306) Personality: UBroker.OD (8299)
main>(Nov 17, 2014 15:26:26:306) Name: odbbroker1  Personality: UBroker.OD (8459)
main>(Nov 17, 2014 15:26:26:308) Personality: UBroker.OR (8299)
main>(Nov 17, 2014 15:26:26:308) Name: orabroker1  Personality: UBroker.OR (8459)
main>(Nov 17, 2014 15:26:26:308) Personality: Adapter (8299)
main>(Nov 17, 2014 15:26:26:308) Name: sonicMQ1  Personality: Adapter (8459)
main>(Nov 17, 2014 15:26:26:309) Personality: WSA (8299)
main>(Nov 17, 2014 15:26:26:309) Name: wsa1  Personality: WSA (8459)
main>(Nov 17, 2014 15:26:26:311) null
main>(Nov 17, 2014 15:26:26:311) Personality: UBroker.WS (8299)
main>(Nov 17, 2014 15:26:26:312) Name: wsbroker1  Personality: UBroker.WS (8459)
main>(Nov 17, 2014 15:26:26:313) Name: wsdynamics1  Personality: UBroker.WS (8459)
Plug-in of type: com.progress.ubroker.tools.UBCommandPlugin>(Nov 17, 2014 15:26:26:685) UBCommandPlugin.run(): Admin Server found.  Doing autostarts. (8491)
Plug-in of type: com.progress.ubroker.tools.UBCommandPlugin>(Nov 17, 2014 15:26:27:326) Got dbPluginInstance after 1 retries(@500). (8876)
Plug-in of type: com.progress.ubroker.tools.UBCommandPlugin>(Nov 17, 2014 15:26:27:326) Waiting for database startup to complete... (8879)
Plug-in of type: com.progress.ubroker.tools.UBCommandPlugin>(Nov 17, 2014 15:26:39:332) Database startup has completed, after polling for 4 times(@ 3000).
 Continue to auto-start services... (8881)
Plug-in of type: com.progress.ubroker.tools.UBCommandPlugin>(Nov 17, 2014 15:26:39:335) AutoStarting NS1 (8295)
Plug-in of type: com.progress.ubroker.tools.UBCommandPlugin>(Nov 17, 2014 15:26:44:411) Starting NS1.  Check status. (8296)
main>======================================================================
main>(Nov 17, 2014 17:13:18:847) C:\temp\cmdplugin.log opened.
main>(Nov 17, 2014 17:13:18:860) Personality: UBroker.AS (8299)
main>(Nov 17, 2014 17:13:18:861) Name: asbroker1  Personality: UBroker.AS (8459)
main>(Nov 17, 2014 17:13:18:900) Name: esbbroker1  Personality: UBroker.AS (8459)
main>(Nov 17, 2014 17:13:18:901) Name: icfrepos  Personality: UBroker.AS (8459)
main>(Nov 17, 2014 17:13:18:902) Personality: AIA (8299)
main>(Nov 17, 2014 17:13:18:902) Name: Aia1  Personality: AIA (8459)
main>(Nov 17, 2014 17:13:18:903) null
main>(Nov 17, 2014 17:13:18:903) Personality: WebSpeed.Messengers (8299)
main>(Nov 17, 2014 17:13:18:903) Name: CGIIP  Personality: WebSpeed.Messengers (8459)
main>(Nov 17, 2014 17:13:18:904) null
main>(Nov 17, 2014 17:13:18:904) Personality: UBroker.MS (8299)
main>(Nov 17, 2014 17:13:18:904) Name: mssbroker1  Personality: UBroker.MS (8459)
main>(Nov 17, 2014 17:13:18:906) Personality: NameServer (8299)
main>(Nov 17, 2014 17:13:18:906) Name: NS1  Personality: NameServer (8459)
main>(Nov 17, 2014 17:13:18:907) Personality: UBroker.OD (8299)
main>(Nov 17, 2014 17:13:18:908) Name: odbbroker1  Personality: UBroker.OD (8459)
main>(Nov 17, 2014 17:13:18:909) Personality: UBroker.OR (8299)
main>(Nov 17, 2014 17:13:18:909) Name: orabroker1  Personality: UBroker.OR (8459)
main>(Nov 17, 2014 17:13:18:910) Personality: Adapter (8299)
main>(Nov 17, 2014 17:13:18:910) Name: sonicMQ1  Personality: Adapter (8459)
main>(Nov 17, 2014 17:13:18:911) Personality: WSA (8299)
main>(Nov 17, 2014 17:13:18:911) Name: wsa1  Personality: WSA (8459)
main>(Nov 17, 2014 17:13:18:912) null
main>(Nov 17, 2014 17:13:18:912) Personality: UBroker.WS (8299)
main>(Nov 17, 2014 17:13:18:912) Name: wsbroker1  Personality: UBroker.WS (8459)
main>(Nov 17, 2014 17:13:18:914) Name: wsdynamics1  Personality: UBroker.WS (8459)
Plug-in of type: com.progress.ubroker.tools.UBCommandPlugin>(Nov 17, 2014 17:13:19:325) UBCommandPlugin.run(): Admin Server found.  Doing autostarts. (8491)
Plug-in of type: com.progress.ubroker.tools.UBCommandPlugin>(Nov 17, 2014 17:13:19:834) Got dbPluginInstance after 1 retries(@500). (8876)
Plug-in of type: com.progress.ubroker.tools.UBCommandPlugin>(Nov 17, 2014 17:13:19:836) Waiting for database startup to complete... (8879)
Plug-in of type: com.progress.ubroker.tools.UBCommandPlugin>(Nov 17, 2014 17:13:31:890) Database startup has completed, after polling for 4 times(@ 3000).
 Continue to auto-start services... (8881)
Plug-in of type: com.progress.ubroker.tools.UBCommandPlugin>(Nov 17, 2014 17:13:31:892) AutoStarting NS1 (8295)
Plug-in of type: com.progress.ubroker.tools.UBCommandPlugin>(Nov 17, 2014 17:13:37:100) Starting NS1.  Check status. (8296)
main>======================================================================
main>(Nov 18, 2014 10:18:51:824) C:\temp\cmdplugin.log opened.
main>(Nov 18, 2014 10:18:51:829) Personality: UBroker.AS (8299)
main>(Nov 18, 2014 10:18:51:829) Name: asbroker1  Personality: UBroker.AS (8459)
main>(Nov 18, 2014 10:18:51:852) Name: esbbroker1  Personality: UBroker.AS (8459)
main>(Nov 18, 2014 10:18:51:853) Name: icfrepos  Personality: UBroker.AS (8459)
main>(Nov 18, 2014 10:18:51:854) Personality: AIA (8299)
main>(Nov 18, 2014 10:18:51:854) Name: Aia1  Personality: AIA (8459)
main>(Nov 18, 2014 10:18:51:855) null
main>(Nov 18, 2014 10:18:51:855) Personality: WebSpeed.Messengers (8299)
main>(Nov 18, 2014 10:18:51:855) Name: CGIIP  Personality: WebSpeed.Messengers (8459)
main>(Nov 18, 2014 10:18:51:856) null
main>(Nov 18, 2014 10:18:51:856) Personality: UBroker.MS (8299)
main>(Nov 18, 2014 10:18:51:856) Name: mssbroker1  Personality: UBroker.MS (8459)
main>(Nov 18, 2014 10:18:51:858) Personality: NameServer (8299)
main>(Nov 18, 2014 10:18:51:858) Name: NS1  Personality: NameServer (8459)
main>(Nov 18, 2014 10:18:51:859) Personality: UBroker.OD (8299)
main>(Nov 18, 2014 10:18:51:859) Name: odbbroker1  Personality: UBroker.OD (8459)
main>(Nov 18, 2014 10:18:51:860) Personality: UBroker.OR (8299)
main>(Nov 18, 2014 10:18:51:861) Name: orabroker1  Personality: UBroker.OR (8459)
main>(Nov 18, 2014 10:18:51:862) Personality: Adapter (8299)
main>(Nov 18, 2014 10:18:51:862) Name: sonicMQ1  Personality: Adapter (8459)
main>(Nov 18, 2014 10:18:51:863) Personality: WSA (8299)
main>(Nov 18, 2014 10:18:51:863) Name: wsa1  Personality: WSA (8459)
main>(Nov 18, 2014 10:18:51:864) null
main>(Nov 18, 2014 10:18:51:864) Personality: UBroker.WS (8299)
main>(Nov 18, 2014 10:18:51:864) Name: wsbroker1  Personality: UBroker.WS (8459)
main>(Nov 18, 2014 10:18:51:866) Name: wsdynamics1  Personality: UBroker.WS (8459)
Plug-in of type: com.progress.ubroker.tools.UBCommandPlugin>(Nov 18, 2014 10:18:52:152) UBCommandPlugin.run(): Admin Server found.  Doing autostarts. (8491)
Plug-in of type: com.progress.ubroker.tools.UBCommandPlugin>(Nov 18, 2014 10:18:52:661) Got dbPluginInstance after 1 retries(@500). (8876)
Plug-in of type: com.progress.ubroker.tools.UBCommandPlugin>(Nov 18, 2014 10:18:52:661) Waiting for database startup to complete... (8879)
Plug-in of type: com.progress.ubroker.tools.UBCommandPlugin>(Nov 18, 2014 10:19:04:678) Database startup has completed, after polling for 4 times(@ 3000).
 Continue to auto-start services... (8881)
Plug-in of type: com.progress.ubroker.tools.UBCommandPlugin>(Nov 18, 2014 10:19:04:680) AutoStarting NS1 (8295)
Plug-in of type: com.progress.ubroker.tools.UBCommandPlugin>(Nov 18, 2014 10:19:09:843) Starting NS1.  Check status. (8296)
main>======================================================================
main>(18/11/2014 13:38:36:593) C:\temp\cmdplugin.log opened.
main>(18/11/2014 13:38:36:726) Personality: UBroker.AS (8299)
main>(18/11/2014 13:38:36:726) Name: asbroker1  Personality: UBroker.AS (8459)
main>(18/11/2014 13:38:36:734) Name: esbbroker1  Personality: UBroker.AS (8459)
main>(18/11/2014 13:38:36:735) Name: icfrepos  Personality: UBroker.AS (8459)
main>(18/11/2014 13:38:36:737) Personality: AIA (8299)
main>(18/11/2014 13:38:36:737) Name: Aia1  Personality: AIA (8459)
main>(18/11/2014 13:38:36:738) null
main>(18/11/2014 13:38:36:738) Personality: WebSpeed.Messengers (8299)
main>(18/11/2014 13:38:36:738) Name: CGIIP  Personality: WebSpeed.Messengers (8459)
main>(18/11/2014 13:38:36:739) null
main>(18/11/2014 13:38:36:739) Personality: UBroker.MS (8299)
main>(18/11/2014 13:38:36:739) Name: mssbroker1  Personality: UBroker.MS (8459)
main>(18/11/2014 13:38:36:741) Personality: NameServer (8299)
main>(18/11/2014 13:38:36:741) Name: NS1  Personality: NameServer (8459)
main>(18/11/2014 13:38:36:742) Personality: UBroker.OD (8299)
main>(18/11/2014 13:38:36:742) Name: odbbroker1  Personality: UBroker.OD (8459)
main>(18/11/2014 13:38:36:743) Personality: UBroker.OR (8299)
main>(18/11/2014 13:38:36:743) Name: orabroker1  Personality: UBroker.OR (8459)
main>(18/11/2014 13:38:36:744) Personality: Adapter (8299)
main>(18/11/2014 13:38:36:744) Name: sonicMQ1  Personality: Adapter (8459)
main>(18/11/2014 13:38:36:745) Personality: WSA (8299)
main>(18/11/2014 13:38:36:745) Name: wsa1  Personality: WSA (8459)
main>(18/11/2014 13:38:36:748) null
main>(18/11/2014 13:38:36:748) Personality: UBroker.WS (8299)
main>(18/11/2014 13:38:36:748) Name: wsbroker1  Personality: UBroker.WS (8459)
main>(18/11/2014 13:38:36:749) Name: wsdynamics1  Personality: UBroker.WS (8459)
Plug-in of type: com.progress.ubroker.tools.UBCommandPlugin>(18/11/2014 13:38:36:818) UBCommandPlugin.run(): Admin Server found.  Doing autostarts. (8491)
Plug-in of type: com.progress.ubroker.tools.UBCommandPlugin>(18/11/2014 13:38:37:492) Got dbPluginInstance after 1 retries(@500). (8876)
Plug-in of type: com.progress.ubroker.tools.UBCommandPlugin>(18/11/2014 13:38:37:492) Waiting for database startup to complete... (8879)
Plug-in of type: com.progress.ubroker.tools.UBCommandPlugin>(18/11/2014 13:38:49:474) Database startup has completed, after polling for 4 times(@ 3000).
 Continue to auto-start services... (8881)
Plug-in of type: com.progress.ubroker.tools.UBCommandPlugin>(18/11/2014 13:38:49:476) AutoStarting NS1 (8295)
Plug-in of type: com.progress.ubroker.tools.UBCommandPlugin>(18/11/2014 13:39:00:437) Starting NS1.  Check status. (8296)
main>======================================================================
main>(18/11/2014 15:25:40:219) C:\temp\cmdplugin.log opened.
main>(18/11/2014 15:25:40:253) Personality: UBroker.AS (8299)
main>(18/11/2014 15:25:40:253) Name: asbroker1  Personality: UBroker.AS (8459)
main>(18/11/2014 15:25:40:261) Name: esbbroker1  Personality: UBroker.AS (8459)
main>(18/11/2014 15:25:40:262) Name: icfrepos  Personality: UBroker.AS (8459)
main>(18/11/2014 15:25:40:263) Personality: AIA (8299)
main>(18/11/2014 15:25:40:264) Name: Aia1  Personality: AIA (8459)
main>(18/11/2014 15:25:40:265) null
main>(18/11/2014 15:25:40:265) Personality: WebSpeed.Messengers (8299)
main>(18/11/2014 15:25:40:265) Name: CGIIP  Personality: WebSpeed.Messengers (8459)
main>(18/11/2014 15:25:40:266) null
main>(18/11/2014 15:25:40:266) Personality: UBroker.MS (8299)
main>(18/11/2014 15:25:40:266) Name: mssbroker1  Personality: UBroker.MS (8459)
main>(18/11/2014 15:25:40:268) Personality: NameServer (8299)
main>(18/11/2014 15:25:40:268) Name: NS1  Personality: NameServer (8459)
main>(18/11/2014 15:25:40:269) Personality: UBroker.OD (8299)
main>(18/11/2014 15:25:40:269) Name: odbbroker1  Personality: UBroker.OD (8459)
main>(18/11/2014 15:25:40:270) Personality: UBroker.OR (8299)
main>(18/11/2014 15:25:40:270) Name: orabroker1  Personality: UBroker.OR (8459)
main>(18/11/2014 15:25:40:271) Personality: Adapter (8299)
main>(18/11/2014 15:25:40:271) Name: sonicMQ1  Personality: Adapter (8459)
main>(18/11/2014 15:25:40:272) Personality: WSA (8299)
main>(18/11/2014 15:25:40:272) Name: wsa1  Personality: WSA (8459)
main>(18/11/2014 15:25:40:274) null
main>(18/11/2014 15:25:40:274) Personality: UBroker.WS (8299)
main>(18/11/2014 15:25:40:274) Name: wsbroker1  Personality: UBroker.WS (8459)
main>(18/11/2014 15:25:40:275) Name: wsdynamics1  Personality: UBroker.WS (8459)
Plug-in of type: com.progress.ubroker.tools.UBCommandPlugin>(18/11/2014 15:25:40:329) UBCommandPlugin.run(): Admin Server found.  Doing autostarts. (8491)
Plug-in of type: com.progress.ubroker.tools.UBCommandPlugin>(18/11/2014 15:25:40:852) Got dbPluginInstance after 1 retries(@500). (8876)
Plug-in of type: com.progress.ubroker.tools.UBCommandPlugin>(18/11/2014 15:25:40:888) Waiting for database startup to complete... (8879)
Plug-in of type: com.progress.ubroker.tools.UBCommandPlugin>(18/11/2014 15:25:52:918) Database startup has completed, after polling for 4 times(@ 3000).
 Continue to auto-start services... (8881)
Plug-in of type: com.progress.ubroker.tools.UBCommandPlugin>(18/11/2014 15:25:52:920) AutoStarting NS1 (8295)
Plug-in of type: com.progress.ubroker.tools.UBCommandPlugin>(18/11/2014 15:26:04:079) Starting NS1.  Check status. (8296)
main>======================================================================
main>(Nov 18, 2014 18:44:46:921) C:\temp\cmdplugin.log opened.
main>(Nov 18, 2014 18:44:46:921) Personality: UBroker.AS (8299)
main>(Nov 18, 2014 18:44:46:921) Name: asbroker1  Personality: UBroker.AS (8459)
main>(Nov 18, 2014 18:44:46:927) Name: esbbroker1  Personality: UBroker.AS (8459)
main>(Nov 18, 2014 18:44:46:927) Name: icfrepos  Personality: UBroker.AS (8459)
main>(Nov 18, 2014 18:44:46:928) Personality: AIA (8299)
main>(Nov 18, 2014 18:44:46:928) Name: Aia1  Personality: AIA (8459)
main>(Nov 18, 2014 18:44:46:929) null
main>(Nov 18, 2014 18:44:46:929) Personality: WebSpeed.Messengers (8299)
main>(Nov 18, 2014 18:44:46:929) Name: CGIIP  Personality: WebSpeed.Messengers (8459)
main>(Nov 18, 2014 18:44:46:930) null
main>(Nov 18, 2014 18:44:46:930) Personality: UBroker.MS (8299)
main>(Nov 18, 2014 18:44:46:930) Name: mssbroker1  Personality: UBroker.MS (8459)
main>(Nov 18, 2014 18:44:46:932) Personality: NameServer (8299)
main>(Nov 18, 2014 18:44:46:932) Name: NS1  Personality: NameServer (8459)
main>(Nov 18, 2014 18:44:46:932) Personality: UBroker.OD (8299)
main>(Nov 18, 2014 18:44:46:933) Name: odbbroker1  Personality: UBroker.OD (8459)
main>(Nov 18, 2014 18:44:46:934) Personality: UBroker.OR (8299)
main>(Nov 18, 2014 18:44:46:934) Name: orabroker1  Personality: UBroker.OR (8459)
main>(Nov 18, 2014 18:44:46:935) Personality: Adapter (8299)
main>(Nov 18, 2014 18:44:46:935) Name: sonicMQ1  Personality: Adapter (8459)
main>(Nov 18, 2014 18:44:46:936) Personality: WSA (8299)
main>(Nov 18, 2014 18:44:46:936) Name: wsa1  Personality: WSA (8459)
main>(Nov 18, 2014 18:44:46:937) null
main>(Nov 18, 2014 18:44:46:937) Personality: UBroker.WS (8299)
main>(Nov 18, 2014 18:44:46:937) Name: wsbroker1  Personality: UBroker.WS (8459)
main>(Nov 18, 2014 18:44:46:940) Name: wsdynamics1  Personality: UBroker.WS (8459)
Plug-in of type: com.progress.ubroker.tools.UBCommandPlugin>(Nov 18, 2014 18:44:47:798) UBCommandPlugin.run(): Admin Server found.  Doing autostarts. (8491)
Plug-in of type: com.progress.ubroker.tools.UBCommandPlugin>(Nov 18, 2014 18:44:48:299) Got dbPluginInstance after 1 retries(@500). (8876)
Plug-in of type: com.progress.ubroker.tools.UBCommandPlugin>(Nov 18, 2014 18:44:48:299) Waiting for database startup to complete... (8879)
Plug-in of type: com.progress.ubroker.tools.UBCommandPlugin>(Nov 18, 2014 18:45:00:317) Database startup has completed, after polling for 4 times(@ 3000).
 Continue to auto-start services... (8881)
Plug-in of type: com.progress.ubroker.tools.UBCommandPlugin>(Nov 18, 2014 18:45:00:318) AutoStarting NS1 (8295)
Plug-in of type: com.progress.ubroker.tools.UBCommandPlugin>(Nov 18, 2014 18:45:05:541) Starting NS1.  Check status. (8296)
main>======================================================================
main>(Nov 19, 2014 10:37:13:654) C:\temp\cmdplugin.log opened.
main>(Nov 19, 2014 10:37:13:655) Personality: UBroker.AS (8299)
main>(Nov 19, 2014 10:37:13:655) Name: asbroker1  Personality: UBroker.AS (8459)
main>(Nov 19, 2014 10:37:13:671) Name: esbbroker1  Personality: UBroker.AS (8459)
main>(Nov 19, 2014 10:37:13:672) Name: icfrepos  Personality: UBroker.AS (8459)
main>(Nov 19, 2014 10:37:13:673) Personality: AIA (8299)
main>(Nov 19, 2014 10:37:13:673) Name: Aia1  Personality: AIA (8459)
main>(Nov 19, 2014 10:37:13:675) null
main>(Nov 19, 2014 10:37:13:675) Personality: WebSpeed.Messengers (8299)
main>(Nov 19, 2014 10:37:13:675) Name: CGIIP  Personality: WebSpeed.Messengers (8459)
main>(Nov 19, 2014 10:37:13:676) null
main>(Nov 19, 2014 10:37:13:676) Personality: UBroker.MS (8299)
main>(Nov 19, 2014 10:37:13:676) Name: mssbroker1  Personality: UBroker.MS (8459)
main>(Nov 19, 2014 10:37:13:677) Personality: NameServer (8299)
main>(Nov 19, 2014 10:37:13:678) Name: NS1  Personality: NameServer (8459)
main>(Nov 19, 2014 10:37:13:678) Personality: UBroker.OD (8299)
main>(Nov 19, 2014 10:37:13:679) Name: odbbroker1  Personality: UBroker.OD (8459)
main>(Nov 19, 2014 10:37:13:680) Personality: UBroker.OR (8299)
main>(Nov 19, 2014 10:37:13:680) Name: orabroker1  Personality: UBroker.OR (8459)
main>(Nov 19, 2014 10:37:13:681) Personality: Adapter (8299)
main>(Nov 19, 2014 10:37:13:681) Name: sonicMQ1  Personality: Adapter (8459)
main>(Nov 19, 2014 10:37:13:682) Personality: WSA (8299)
main>(Nov 19, 2014 10:37:13:682) Name: wsa1  Personality: WSA (8459)
main>(Nov 19, 2014 10:37:13:683) null
main>(Nov 19, 2014 10:37:13:683) Personality: UBroker.WS (8299)
main>(Nov 19, 2014 10:37:13:683) Name: wsbroker1  Personality: UBroker.WS (8459)
main>(Nov 19, 2014 10:37:13:685) Name: wsdynamics1  Personality: UBroker.WS (8459)
Plug-in of type: com.progress.ubroker.tools.UBCommandPlugin>(Nov 19, 2014 10:37:14:618) UBCommandPlugin.run(): Admin Server found.  Doing autostarts. (8491)
Plug-in of type: com.progress.ubroker.tools.UBCommandPlugin>(Nov 19, 2014 10:37:15:119) Got dbPluginInstance after 1 retries(@500). (8876)
Plug-in of type: com.progress.ubroker.tools.UBCommandPlugin>(Nov 19, 2014 10:37:15:119) Waiting for database startup to complete... (8879)
Plug-in of type: com.progress.ubroker.tools.UBCommandPlugin>(Nov 19, 2014 10:37:27:455) Database startup has completed, after polling for 4 times(@ 3000).
 Continue to auto-start services... (8881)
Plug-in of type: com.progress.ubroker.tools.UBCommandPlugin>(Nov 19, 2014 10:37:27:457) AutoStarting NS1 (8295)
Plug-in of type: com.progress.ubroker.tools.UBCommandPlugin>(Nov 19, 2014 10:37:35:244) Starting NS1.  Check status. (8296)
main>======================================================================
main>(24/11/2014 08:05:15:033) C:\temp\cmdplugin.log opened.
main>(24/11/2014 08:05:15:075) Personality: UBroker.AS (8299)
main>(24/11/2014 08:05:15:075) Name: asbroker1  Personality: UBroker.AS (8459)
main>(24/11/2014 08:05:15:084) Name: esbbroker1  Personality: UBroker.AS (8459)
main>(24/11/2014 08:05:15:085) Name: icfrepos  Personality: UBroker.AS (8459)
main>(24/11/2014 08:05:15:087) Personality: AIA (8299)
main>(24/11/2014 08:05:15:087) Name: Aia1  Personality: AIA (8459)
main>(24/11/2014 08:05:15:088) null
main>(24/11/2014 08:05:15:088) Personality: WebSpeed.Messengers (8299)
main>(24/11/2014 08:05:15:088) Name: CGIIP  Personality: WebSpeed.Messengers (8459)
main>(24/11/2014 08:05:15:089) null
main>(24/11/2014 08:05:15:089) Personality: UBroker.MS (8299)
main>(24/11/2014 08:05:15:089) Name: mssbroker1  Personality: UBroker.MS (8459)
main>(24/11/2014 08:05:15:091) Personality: NameServer (8299)
main>(24/11/2014 08:05:15:091) Name: NS1  Personality: NameServer (8459)
main>(24/11/2014 08:05:15:092) Personality: UBroker.OD (8299)
main>(24/11/2014 08:05:15:092) Name: odbbroker1  Personality: UBroker.OD (8459)
main>(24/11/2014 08:05:15:093) Personality: UBroker.OR (8299)
main>(24/11/2014 08:05:15:093) Name: orabroker1  Personality: UBroker.OR (8459)
main>(24/11/2014 08:05:15:094) Personality: Adapter (8299)
main>(24/11/2014 08:05:15:094) Name: sonicMQ1  Personality: Adapter (8459)
main>(24/11/2014 08:05:15:095) Personality: WSA (8299)
main>(24/11/2014 08:05:15:095) Name: wsa1  Personality: WSA (8459)
main>(24/11/2014 08:05:15:096) null
main>(24/11/2014 08:05:15:096) Personality: UBroker.WS (8299)
main>(24/11/2014 08:05:15:097) Name: wsbroker1  Personality: UBroker.WS (8459)
main>(24/11/2014 08:05:15:099) Name: wsdynamics1  Personality: UBroker.WS (8459)
Plug-in of type: com.progress.ubroker.tools.UBCommandPlugin>(24/11/2014 08:05:15:142) UBCommandPlugin.run(): Admin Server found.  Doing autostarts. (8491)
Plug-in of type: com.progress.ubroker.tools.UBCommandPlugin>(24/11/2014 08:05:15:648) Got dbPluginInstance after 1 retries(@500). (8876)
Plug-in of type: com.progress.ubroker.tools.UBCommandPlugin>(24/11/2014 08:05:15:648) Waiting for database startup to complete... (8879)
Plug-in of type: com.progress.ubroker.tools.UBCommandPlugin>(24/11/2014 08:05:27:463) Database startup has completed, after polling for 4 times(@ 3000).
 Continue to auto-start services... (8881)
Plug-in of type: com.progress.ubroker.tools.UBCommandPlugin>(24/11/2014 08:05:27:465) AutoStarting NS1 (8295)
Plug-in of type: com.progress.ubroker.tools.UBCommandPlugin>(24/11/2014 08:05:38:873) Starting NS1.  Check status. (8296)
main>======================================================================
main>(Dec 1, 2014 10:02:56:337) C:\temp\cmdplugin.log opened.
main>(Dec 1, 2014 10:02:56:360) Personality: UBroker.AS (8299)
main>(Dec 1, 2014 10:02:56:361) Name: asbroker1  Personality: UBroker.AS (8459)
main>(Dec 1, 2014 10:02:56:394) Name: esbbroker1  Personality: UBroker.AS (8459)
main>(Dec 1, 2014 10:02:56:396) Name: icfrepos  Personality: UBroker.AS (8459)
main>(Dec 1, 2014 10:02:56:397) Personality: AIA (8299)
main>(Dec 1, 2014 10:02:56:397) Name: Aia1  Personality: AIA (8459)
main>(Dec 1, 2014 10:02:56:398) null
main>(Dec 1, 2014 10:02:56:398) Personality: WebSpeed.Messengers (8299)
main>(Dec 1, 2014 10:02:56:398) Name: CGIIP  Personality: WebSpeed.Messengers (8459)
main>(Dec 1, 2014 10:02:56:399) null
main>(Dec 1, 2014 10:02:56:399) Personality: UBroker.MS (8299)
main>(Dec 1, 2014 10:02:56:399) Name: mssbroker1  Personality: UBroker.MS (8459)
main>(Dec 1, 2014 10:02:56:400) Personality: NameServer (8299)
main>(Dec 1, 2014 10:02:56:400) Name: NS1  Personality: NameServer (8459)
main>(Dec 1, 2014 10:02:56:401) Personality: UBroker.OD (8299)
main>(Dec 1, 2014 10:02:56:402) Name: odbbroker1  Personality: UBroker.OD (8459)
main>(Dec 1, 2014 10:02:56:403) Personality: UBroker.OR (8299)
main>(Dec 1, 2014 10:02:56:403) Name: orabroker1  Personality: UBroker.OR (8459)
main>(Dec 1, 2014 10:02:56:404) Personality: Adapter (8299)
main>(Dec 1, 2014 10:02:56:404) Name: sonicMQ1  Personality: Adapter (8459)
main>(Dec 1, 2014 10:02:56:405) Personality: WSA (8299)
main>(Dec 1, 2014 10:02:56:405) Name: wsa1  Personality: WSA (8459)
main>(Dec 1, 2014 10:02:56:406) null
main>(Dec 1, 2014 10:02:56:406) Personality: UBroker.WS (8299)
main>(Dec 1, 2014 10:02:56:406) Name: wsbroker1  Personality: UBroker.WS (8459)
main>(Dec 1, 2014 10:02:56:407) Name: wsdynamics1  Personality: UBroker.WS (8459)
Plug-in of type: com.progress.ubroker.tools.UBCommandPlugin>(Dec 1, 2014 10:02:57:154) UBCommandPlugin.run(): Admin Server found.  Doing autostarts. (8491)
Plug-in of type: com.progress.ubroker.tools.UBCommandPlugin>(Dec 1, 2014 10:02:57:688) Got dbPluginInstance after 1 retries(@500). (8876)
Plug-in of type: com.progress.ubroker.tools.UBCommandPlugin>(Dec 1, 2014 10:02:57:688) Waiting for database startup to complete... (8879)
Plug-in of type: com.progress.ubroker.tools.UBCommandPlugin>(Dec 1, 2014 10:03:09:523) Database startup has completed, after polling for 4 times(@ 3000).
 Continue to auto-start services... (8881)
Plug-in of type: com.progress.ubroker.tools.UBCommandPlugin>(Dec 1, 2014 10:03:09:526) AutoStarting NS1 (8295)
Plug-in of type: com.progress.ubroker.tools.UBCommandPlugin>(Dec 1, 2014 10:03:14:587) Starting NS1.  Check status. (8296)
main>======================================================================
main>(01/12/2014 10:07:39:698) C:\temp\cmdplugin.log opened.
main>(01/12/2014 10:07:39:803) Personality: UBroker.AS (8299)
main>(01/12/2014 10:07:39:803) Name: asbroker1  Personality: UBroker.AS (8459)
main>(01/12/2014 10:07:39:810) Name: esbbroker1  Personality: UBroker.AS (8459)
main>(01/12/2014 10:07:39:812) Name: icfrepos  Personality: UBroker.AS (8459)
main>(01/12/2014 10:07:39:813) Personality: AIA (8299)
main>(01/12/2014 10:07:39:813) Name: Aia1  Personality: AIA (8459)
main>(01/12/2014 10:07:39:814) null
main>(01/12/2014 10:07:39:815) Personality: WebSpeed.Messengers (8299)
main>(01/12/2014 10:07:39:815) Name: CGIIP  Personality: WebSpeed.Messengers (8459)
main>(01/12/2014 10:07:39:816) null
main>(01/12/2014 10:07:39:816) Personality: UBroker.MS (8299)
main>(01/12/2014 10:07:39:816) Name: mssbroker1  Personality: UBroker.MS (8459)
main>(01/12/2014 10:07:39:819) Personality: NameServer (8299)
main>(01/12/2014 10:07:39:819) Name: NS1  Personality: NameServer (8459)
main>(01/12/2014 10:07:39:820) Personality: UBroker.OD (8299)
main>(01/12/2014 10:07:39:820) Name: odbbroker1  Personality: UBroker.OD (8459)
main>(01/12/2014 10:07:39:821) Personality: UBroker.OR (8299)
main>(01/12/2014 10:07:39:821) Name: orabroker1  Personality: UBroker.OR (8459)
main>(01/12/2014 10:07:39:822) Personality: Adapter (8299)
main>(01/12/2014 10:07:39:822) Name: sonicMQ1  Personality: Adapter (8459)
main>(01/12/2014 10:07:39:823) Personality: WSA (8299)
main>(01/12/2014 10:07:39:823) Name: wsa1  Personality: WSA (8459)
main>(01/12/2014 10:07:39:825) null
main>(01/12/2014 10:07:39:825) Personality: UBroker.WS (8299)
main>(01/12/2014 10:07:39:825) Name: wsbroker1  Personality: UBroker.WS (8459)
main>(01/12/2014 10:07:39:826) Name: wsdynamics1  Personality: UBroker.WS (8459)
Plug-in of type: com.progress.ubroker.tools.UBCommandPlugin>(01/12/2014 10:07:39:966) UBCommandPlugin.run(): Admin Server found.  Doing autostarts. (8491)
Plug-in of type: com.progress.ubroker.tools.UBCommandPlugin>(01/12/2014 10:07:40:517) Got dbPluginInstance after 1 retries(@500). (8876)
Plug-in of type: com.progress.ubroker.tools.UBCommandPlugin>(01/12/2014 10:07:40:517) Waiting for database startup to complete... (8879)
Plug-in of type: com.progress.ubroker.tools.UBCommandPlugin>(01/12/2014 10:07:52:346) Database startup has completed, after polling for 4 times(@ 3000).
 Continue to auto-start services... (8881)
Plug-in of type: com.progress.ubroker.tools.UBCommandPlugin>(01/12/2014 10:07:52:348) AutoStarting NS1 (8295)
Plug-in of type: com.progress.ubroker.tools.UBCommandPlugin>(01/12/2014 10:08:03:272) Starting NS1.  Check status. (8296)
main>======================================================================
main>(02/12/2014 17:03:05:468) C:\temp\cmdplugin.log opened.
main>(02/12/2014 17:03:05:655) Personality: UBroker.AS (8299)
main>(02/12/2014 17:03:05:655) Name: asbroker1  Personality: UBroker.AS (8459)
main>(02/12/2014 17:03:07:483) Name: esbbroker1  Personality: UBroker.AS (8459)
main>(02/12/2014 17:03:07:484) Name: icfrepos  Personality: UBroker.AS (8459)
main>(02/12/2014 17:03:07:485) Personality: AIA (8299)
main>(02/12/2014 17:03:07:486) Name: Aia1  Personality: AIA (8459)
main>(02/12/2014 17:03:07:487) null
main>(02/12/2014 17:03:07:487) Personality: WebSpeed.Messengers (8299)
main>(02/12/2014 17:03:07:487) Name: CGIIP  Personality: WebSpeed.Messengers (8459)
main>(02/12/2014 17:03:07:488) null
main>(02/12/2014 17:03:07:488) Personality: UBroker.MS (8299)
main>(02/12/2014 17:03:07:488) Name: mssbroker1  Personality: UBroker.MS (8459)
main>(02/12/2014 17:03:07:490) Personality: NameServer (8299)
main>(02/12/2014 17:03:07:490) Name: NS1  Personality: NameServer (8459)
main>(02/12/2014 17:03:07:492) Personality: UBroker.OD (8299)
main>(02/12/2014 17:03:07:492) Name: odbbroker1  Personality: UBroker.OD (8459)
main>(02/12/2014 17:03:07:493) Personality: UBroker.OR (8299)
main>(02/12/2014 17:03:07:493) Name: orabroker1  Personality: UBroker.OR (8459)
main>(02/12/2014 17:03:07:494) Personality: Adapter (8299)
main>(02/12/2014 17:03:07:494) Name: sonicMQ1  Personality: Adapter (8459)
main>(02/12/2014 17:03:07:495) Personality: WSA (8299)
main>(02/12/2014 17:03:07:495) Name: wsa1  Personality: WSA (8459)
main>(02/12/2014 17:03:07:497) null
main>(02/12/2014 17:03:07:497) Personality: UBroker.WS (8299)
main>(02/12/2014 17:03:07:497) Name: wsbroker1  Personality: UBroker.WS (8459)
main>(02/12/2014 17:03:07:499) Name: wsdynamics1  Personality: UBroker.WS (8459)
Plug-in of type: com.progress.ubroker.tools.UBCommandPlugin>(02/12/2014 17:03:07:652) UBCommandPlugin.run(): Admin Server found.  Doing autostarts. (8491)
Plug-in of type: com.progress.ubroker.tools.UBCommandPlugin>(02/12/2014 17:03:08:161) Got dbPluginInstance after 1 retries(@500). (8876)
Plug-in of type: com.progress.ubroker.tools.UBCommandPlugin>(02/12/2014 17:03:08:161) Waiting for database startup to complete... (8879)
Plug-in of type: com.progress.ubroker.tools.UBCommandPlugin>(02/12/2014 17:03:20:010) Database startup has completed, after polling for 4 times(@ 3000).
 Continue to auto-start services... (8881)
Plug-in of type: com.progress.ubroker.tools.UBCommandPlugin>(02/12/2014 17:03:20:012) AutoStarting NS1 (8295)
Plug-in of type: com.progress.ubroker.tools.UBCommandPlugin>(02/12/2014 17:03:30:825) Starting NS1.  Check status. (8296)
main>======================================================================
main>(03/12/2014 08:04:28:925) C:\temp\cmdplugin.log opened.
main>(03/12/2014 08:04:28:935) Personality: UBroker.AS (8299)
main>(03/12/2014 08:04:28:935) Name: asbroker1  Personality: UBroker.AS (8459)
main>(03/12/2014 08:04:28:944) Name: esbbroker1  Personality: UBroker.AS (8459)
main>(03/12/2014 08:04:28:945) Name: icfrepos  Personality: UBroker.AS (8459)
main>(03/12/2014 08:04:28:947) Personality: AIA (8299)
main>(03/12/2014 08:04:28:947) Name: Aia1  Personality: AIA (8459)
main>(03/12/2014 08:04:28:948) null
main>(03/12/2014 08:04:28:948) Personality: WebSpeed.Messengers (8299)
main>(03/12/2014 08:04:28:948) Name: CGIIP  Personality: WebSpeed.Messengers (8459)
main>(03/12/2014 08:04:28:950) null
main>(03/12/2014 08:04:28:950) Personality: UBroker.MS (8299)
main>(03/12/2014 08:04:28:950) Name: mssbroker1  Personality: UBroker.MS (8459)
main>(03/12/2014 08:04:28:951) Personality: NameServer (8299)
main>(03/12/2014 08:04:28:951) Name: NS1  Personality: NameServer (8459)
main>(03/12/2014 08:04:28:952) Personality: UBroker.OD (8299)
main>(03/12/2014 08:04:28:952) Name: odbbroker1  Personality: UBroker.OD (8459)
main>(03/12/2014 08:04:28:953) Personality: UBroker.OR (8299)
main>(03/12/2014 08:04:28:953) Name: orabroker1  Personality: UBroker.OR (8459)
main>(03/12/2014 08:04:28:955) Personality: Adapter (8299)
main>(03/12/2014 08:04:28:955) Name: sonicMQ1  Personality: Adapter (8459)
main>(03/12/2014 08:04:28:956) Personality: WSA (8299)
main>(03/12/2014 08:04:28:956) Name: wsa1  Personality: WSA (8459)
main>(03/12/2014 08:04:28:958) null
main>(03/12/2014 08:04:28:958) Personality: UBroker.WS (8299)
main>(03/12/2014 08:04:28:958) Name: wsbroker1  Personality: UBroker.WS (8459)
main>(03/12/2014 08:04:28:960) Name: wsdynamics1  Personality: UBroker.WS (8459)
Plug-in of type: com.progress.ubroker.tools.UBCommandPlugin>(03/12/2014 08:04:29:073) UBCommandPlugin.run(): Admin Server found.  Doing autostarts. (8491)
Plug-in of type: com.progress.ubroker.tools.UBCommandPlugin>(03/12/2014 08:04:29:584) Got dbPluginInstance after 1 retries(@500). (8876)
Plug-in of type: com.progress.ubroker.tools.UBCommandPlugin>(03/12/2014 08:04:29:584) Waiting for database startup to complete... (8879)
Plug-in of type: com.progress.ubroker.tools.UBCommandPlugin>(03/12/2014 08:04:41:278) Database startup has completed, after polling for 4 times(@ 3000).
 Continue to auto-start services... (8881)
Plug-in of type: com.progress.ubroker.tools.UBCommandPlugin>(03/12/2014 08:04:41:280) AutoStarting NS1 (8295)
Plug-in of type: com.progress.ubroker.tools.UBCommandPlugin>(03/12/2014 08:04:52:082) Starting NS1.  Check status. (8296)
main>======================================================================
main>(04/12/2014 13:54:53:813) C:\temp\cmdplugin.log opened.
main>(04/12/2014 13:54:53:838) Personality: UBroker.AS (8299)
main>(04/12/2014 13:54:53:838) Name: asbroker1  Personality: UBroker.AS (8459)
main>(04/12/2014 13:54:53:845) Name: esbbroker1  Personality: UBroker.AS (8459)
main>(04/12/2014 13:54:53:846) Name: icfrepos  Personality: UBroker.AS (8459)
main>(04/12/2014 13:54:53:848) Personality: AIA (8299)
main>(04/12/2014 13:54:53:848) Name: Aia1  Personality: AIA (8459)
main>(04/12/2014 13:54:53:849) null
main>(04/12/2014 13:54:53:849) Personality: WebSpeed.Messengers (8299)
main>(04/12/2014 13:54:53:849) Name: CGIIP  Personality: WebSpeed.Messengers (8459)
main>(04/12/2014 13:54:53:850) null
main>(04/12/2014 13:54:53:850) Personality: UBroker.MS (8299)
main>(04/12/2014 13:54:53:850) Name: mssbroker1  Personality: UBroker.MS (8459)
main>(04/12/2014 13:54:53:852) Personality: NameServer (8299)
main>(04/12/2014 13:54:53:852) Name: NS1  Personality: NameServer (8459)
main>(04/12/2014 13:54:53:853) Personality: UBroker.OD (8299)
main>(04/12/2014 13:54:53:853) Name: odbbroker1  Personality: UBroker.OD (8459)
main>(04/12/2014 13:54:53:854) Personality: UBroker.OR (8299)
main>(04/12/2014 13:54:53:854) Name: orabroker1  Personality: UBroker.OR (8459)
main>(04/12/2014 13:54:53:855) Personality: Adapter (8299)
main>(04/12/2014 13:54:53:855) Name: sonicMQ1  Personality: Adapter (8459)
main>(04/12/2014 13:54:53:858) Personality: WSA (8299)
main>(04/12/2014 13:54:53:858) Name: wsa1  Personality: WSA (8459)
main>(04/12/2014 13:54:53:860) null
main>(04/12/2014 13:54:53:860) Personality: UBroker.WS (8299)
main>(04/12/2014 13:54:53:860) Name: wsbroker1  Personality: UBroker.WS (8459)
main>(04/12/2014 13:54:53:861) Name: wsdynamics1  Personality: UBroker.WS (8459)
Plug-in of type: com.progress.ubroker.tools.UBCommandPlugin>(04/12/2014 13:54:53:949) UBCommandPlugin.run(): Admin Server found.  Doing autostarts. (8491)
Plug-in of type: com.progress.ubroker.tools.UBCommandPlugin>(04/12/2014 13:54:54:441) Got dbPluginInstance after 1 retries(@500). (8876)
Plug-in of type: com.progress.ubroker.tools.UBCommandPlugin>(04/12/2014 13:54:54:441) Waiting for database startup to complete... (8879)
Plug-in of type: com.progress.ubroker.tools.UBCommandPlugin>(04/12/2014 13:55:06:041) Database startup has completed, after polling for 4 times(@ 3000).
 Continue to auto-start services... (8881)
Plug-in of type: com.progress.ubroker.tools.UBCommandPlugin>(04/12/2014 13:55:06:043) AutoStarting NS1 (8295)
Plug-in of type: com.progress.ubroker.tools.UBCommandPlugin>(04/12/2014 13:55:20:315) Starting NS1.  Check status. (8296)
