[Installshield]
Version=17.0.0.717
[Application]
Name=OpenEdge
Version=11.3
Company=Progress Software
[CompletedEvents]
Event3=[11-17-2014 12:17:04] The Setup Utility has checked the system requirements.
Event4=[11-17-2014 12:17:04] The Setup Utility has copied the support files.
Event5=[11-17-2014 12:17:04] The Setup Utility has created the config file.
Event6=[11-17-2014 12:17:08] The Setup Utility is extracting archives
Event7=[11-17-2014 12:21:40] The Setup Utility has extracted archives
Event8=[11-17-2014 12:21:40] The Setup Utility is copying third party installers locally.
Event9=[11-17-2014 12:21:51] The Setup Utility has installed system files.
Event10=[11-17-2014 12:22:05] The Setup Utility has successfuly copied C:\Windows\SysWOW64\pscluster.dll.
Event11=[11-17-2014 12:22:05] The Setup Utility has successfuly copied C:\Windows\SysWOW64\psclusterex.dll.
Event12=[11-17-2014 12:22:05] The Setup Utility is configuring files.
Event13=[11-17-2014 12:22:06] The Setup Utility has configured language files.
Event14=[11-17-2014 12:22:06] The Setup Utility is updating the Registry.
Event15=[11-17-2014 12:22:06] The Setup Utility has modified ini files.
Event16=[11-17-2014 12:22:08] The Setup Utility has dumped the .ini data to the registry.
Event17=[11-17-2014 12:22:29] The Tailoring Dlls have configured OpenEdge files.
Event18=[11-17-2014 12:22:57] The Setup Utility has created Folder and Items.
Event19=[11-17-2014 12:22:57] DataServer ODBC install started.
Event20=[11-17-2014 12:23:50] DataServer ODBC install completed.
Event21=[11-17-2014 12:23:50] SQL ODBC install started.
Event22=[11-17-2014 12:24:31] SQL ODBC install completed.

[RuntimeStatus]
Progress=98 
[SystemFiles]
File1=[11-17-2014 12:21:50] C:\Windows\SysWOW64\stdole2.tlb was successfully installed.
File2=[11-17-2014 12:21:50] C:\Windows\SysWOW64\sstree.ocx was successfully installed.
File3=[11-17-2014 12:21:50] C:\Windows\SysWOW64\pstimer.ocx was successfully installed.
File4=[11-17-2014 12:21:50] C:\Windows\SysWOW64\pstimer.chm was successfully installed.
File5=[11-17-2014 12:21:50] C:\Windows\SysWOW64\olepro32.dll was successfully installed.
File6=[11-17-2014 12:21:50] C:\Windows\SysWOW64\oleaut32.dll was successfully installed.
File7=[11-17-2014 12:21:50] C:\Windows\SysWOW64\msvcr80.dll was successfully installed.
File8=[11-17-2014 12:21:50] C:\Windows\SysWOW64\msvcp80.dll was successfully installed.
File9=[11-17-2014 12:21:50] C:\Windows\SysWOW64\mscomctl.ocx was successfully installed.
File10=[11-17-2014 12:21:50] C:\Windows\SysWOW64\mfc80.dll was successfully installed.
File11=[11-17-2014 12:21:50] C:\Windows\SysWOW64\csspin32.ocx was successfully installed.
File12=[11-17-2014 12:21:50] C:\Windows\SysWOW64\csspin.chm was successfully installed.
File13=[11-17-2014 12:21:50] C:\Windows\SysWOW64\cslist32.ocx was successfully installed.
File14=[11-17-2014 12:21:50] C:\Windows\SysWOW64\cscomb32.ocx was successfully installed.
File15=[11-17-2014 12:21:50] C:\Windows\SysWOW64\cscomb.chm was successfully installed.
File16=[11-17-2014 12:21:50] C:\Windows\SysWOW64\comctl32.ocx was successfully installed.
File17=[11-17-2014 12:21:50] C:\Windows\SysWOW64\cihttp.ocx was successfully installed.
File18=[11-17-2014 12:21:50] C:\Windows\SysWOW64\asycfilt.dll was successfully installed.
File19=[11-17-2014 12:21:50] C:\Windows\SysWOW64\evntlog.dll was successfully installed.
File20=[11-17-2014 12:21:50] C:\Program Files\Common Files\Progress Software\11\prox.dll was successfully installed.
File21=[11-17-2014 12:21:50] C:\Program Files\Common Files\Progress Software\PSCCab.dll was successfully installed.

[FilesTailored]
File1=[11-17-2014 12:21:51] C:\dlc113\prolang/ame/progress.ini has been tailored successfully.
File2=[11-17-2014 12:21:52] C:\dlc113\bin/OE_TC.bat has been tailored successfully.
File3=[11-17-2014 12:21:52] C:\dlc113\bin/proenv.bat has been tailored successfully.
File4=[11-17-2014 12:21:52] C:\dlc113\bin/progress.ini has been tailored successfully.
File5=[11-17-2014 12:21:52] C:\dlc113\version has been tailored successfully.
File6=[11-17-2014 12:21:52] C:\dlc113\bin/asbman.bat has been tailored successfully.
File7=[11-17-2014 12:21:52] C:\dlc113\bin/asconfig.bat has been tailored successfully.
File8=[11-17-2014 12:21:53] C:\dlc113\bin/genpassword.bat has been tailored successfully.
File9=[11-17-2014 12:21:53] C:\dlc113\bin/genuuid.bat has been tailored successfully.
File10=[11-17-2014 12:21:53] C:\dlc113\bin/nsconfig.bat has been tailored successfully.
File11=[11-17-2014 12:21:53] C:\dlc113\bin/nsman.bat has been tailored successfully.
File12=[11-17-2014 12:21:53] C:\dlc113\bin/ubconfig.bat has been tailored successfully.
File13=[11-17-2014 12:21:53] C:\dlc113\bin/wsconfig.bat has been tailored successfully.
File14=[11-17-2014 12:21:53] C:\dlc113\bin/wtbman.bat has been tailored successfully.
File15=[11-17-2014 12:21:53] C:\dlc113\properties/activemqs.ini has been tailored successfully.
File16=[11-17-2014 12:21:54] C:\dlc113\properties/AdminServerPlugins.properties has been tailored successfully.
File17=[11-17-2014 12:21:54] C:\dlc113\bin/mergeprop.bat has been tailored successfully.
File18=[11-17-2014 12:21:54] C:\dlc113\bin/ubutil.bat has been tailored successfully.
File19=[11-17-2014 12:21:54] C:\dlc113\properties/JavaTools.properties has been tailored successfully.
File20=[11-17-2014 12:21:54] C:\dlc113\bin/proadsv.bat has been tailored successfully.
File21=[11-17-2014 12:21:55] C:\dlc113\properties/ubroker.properties has been tailored successfully.
File22=[11-17-2014 12:21:56] C:\dlc113\properties/ubroker.samples has been tailored successfully.
File23=[11-17-2014 12:21:56] C:\dlc113\bin/bpro.bat has been tailored successfully.
File24=[11-17-2014 12:21:56] C:\dlc113\bin/mbpro.bat has been tailored successfully.
File25=[11-17-2014 12:21:56] C:\dlc113\bin/mpro.bat has been tailored successfully.
File26=[11-17-2014 12:21:56] C:\dlc113\bin/pro.bat has been tailored successfully.
File27=[11-17-2014 12:21:56] C:\dlc113\bin/proGetStack.bat has been tailored successfully.
File28=[11-17-2014 12:21:56] C:\dlc113\prolang/install.pf has been tailored successfully.
File29=[11-17-2014 12:21:56] C:\dlc113\bin/proaiw.bat has been tailored successfully.
File30=[11-17-2014 12:21:56] C:\dlc113\bin/proapw.bat has been tailored successfully.
File31=[11-17-2014 12:21:56] C:\dlc113\bin/probiw.bat has been tailored successfully.
File32=[11-17-2014 12:21:56] C:\dlc113\bin/promon.bat has been tailored successfully.
File33=[11-17-2014 12:21:56] C:\dlc113\bin/proserve.bat has been tailored successfully.
File34=[11-17-2014 12:21:56] C:\dlc113\bin/proshut.bat has been tailored successfully.
File35=[11-17-2014 12:21:56] C:\dlc113\bin/prowdog.bat has been tailored successfully.
File36=[11-17-2014 12:21:56] C:\dlc113\bin/sql_env.bat has been tailored successfully.
File37=[11-17-2014 12:21:56] C:\dlc113\bin/sqldump.bat has been tailored successfully.
File38=[11-17-2014 12:21:56] C:\dlc113\bin/sqlexp.bat has been tailored successfully.
File39=[11-17-2014 12:21:56] C:\dlc113\bin/sqlload.bat has been tailored successfully.
File40=[11-17-2014 12:21:56] C:\dlc113\bin/sqlschema.bat has been tailored successfully.
File41=[11-17-2014 12:21:56] C:\dlc113\bin/fathom.bat has been tailored successfully.
File42=[11-17-2014 12:21:57] C:\dlc113\bin/reglue.bat has been tailored successfully.
File43=[11-17-2014 12:21:57] C:\dlc113\fathom.init.params has been tailored successfully.
File44=[11-17-2014 12:21:57] C:\oemgmt\/config/fathom.delete has been tailored successfully.
File45=[11-17-2014 12:21:57] C:\oemgmt\/config/fathom.update has been tailored successfully.
File46=[11-17-2014 12:21:57] C:\oemgmt\/etc/fathomRealm.properties.orig has been tailored successfully.
File47=[11-17-2014 12:21:57] C:\oemgmt\/etc/userauth.policy has been tailored successfully.
File48=[11-17-2014 12:21:57] C:\dlc113\properties/delta/fathom.delta has been tailored successfully.
File49=[11-17-2014 12:21:57] C:\dlc113\bin/unglue.bat has been tailored successfully.
File50=[11-17-2014 12:21:57] C:\dlc113\install/tlr/installtlr.bat has been tailored successfully.
File51=[11-17-2014 12:21:58] C:\dlc113\bin/certutil.bat has been tailored successfully.
File52=[11-17-2014 12:21:58] C:\dlc113\bin/mkhashfile.bat has been tailored successfully.
File53=[11-17-2014 12:21:58] C:\dlc113\bin/procertm.bat has been tailored successfully.
File54=[11-17-2014 12:21:59] C:\dlc113\install/tlr/installtlr.properties has been tailored successfully.
File55=[11-17-2014 12:21:59] C:\dlc113\install/tlr/installtlr.xml has been tailored successfully.
File56=[11-17-2014 12:21:59] C:\dlc113\bin/dbutil.bat has been tailored successfully.
File57=[11-17-2014 12:21:59] C:\dlc113\bin/probkup.bat has been tailored successfully.
File58=[11-17-2014 12:21:59] C:\dlc113\bin/procluster.bat has been tailored successfully.
File59=[11-17-2014 12:21:59] C:\dlc113\bin/procopy.bat has been tailored successfully.
File60=[11-17-2014 12:21:59] C:\dlc113\bin/prolog.bat has been tailored successfully.
File61=[11-17-2014 12:21:59] C:\dlc113\bin/proquiet.bat has been tailored successfully.
File62=[11-17-2014 12:21:59] C:\dlc113\bin/prorest.bat has been tailored successfully.
File63=[11-17-2014 12:21:59] C:\dlc113\bin/prostrct.bat has been tailored successfully.
File64=[11-17-2014 12:21:59] C:\dlc113\bin/proutil.bat has been tailored successfully.
File65=[11-17-2014 12:21:59] C:\dlc113\bin/rfutil.bat has been tailored successfully.
File66=[11-17-2014 12:21:59] C:\dlc113\bin/dbagent.bat has been tailored successfully.
File67=[11-17-2014 12:21:59] C:\dlc113\bin/dbconfig.bat has been tailored successfully.
File68=[11-17-2014 12:21:59] C:\dlc113\bin/dbman.bat has been tailored successfully.
File69=[11-17-2014 12:21:59] C:\dlc113\properties/conmgr.properties has been tailored successfully.
File70=[11-17-2014 12:22:00] C:\dlc113\bin/aiaconfig.bat has been tailored successfully.
File71=[11-17-2014 12:22:00] C:\dlc113\servlets/aia/WEB-INF/web.xml has been tailored successfully.
File72=[11-17-2014 12:22:00] C:\dlc113\bin/adaptconfig.bat has been tailored successfully.
File73=[11-17-2014 12:22:00] C:\dlc113\bin/adaptman.bat has been tailored successfully.
File74=[11-17-2014 12:22:00] C:\dlc113\properties/international.properties has been tailored successfully.
File75=[11-17-2014 12:22:00] C:\dlc113\bin/proDebugConfig.bat has been tailored successfully.
File76=[11-17-2014 12:22:00] C:\dlc113\bin/proDebugEnable.bat has been tailored successfully.
File77=[11-17-2014 12:22:02] C:\dlc113\bin/pkiutil.bat has been tailored successfully.
File78=[11-17-2014 12:22:02] C:\dlc113\bin/restman.bat has been tailored successfully.
File79=[11-17-2014 12:22:02] C:\dlc113\bin/wsaman.bat has been tailored successfully.
File80=[11-17-2014 12:22:02] C:\dlc113\bin/oraconfig.bat has been tailored successfully.
File81=[11-17-2014 12:22:02] C:\dlc113\bin/oraman.bat has been tailored successfully.
File82=[11-17-2014 12:22:02] C:\dlc113\bin/mssconfig.bat has been tailored successfully.
File83=[11-17-2014 12:22:02] C:\dlc113\bin/mssman.bat has been tailored successfully.
File84=[11-17-2014 12:22:02] C:\dlc113\bin/bproxygen.bat has been tailored successfully.
File85=[11-17-2014 12:22:02] C:\dlc113\bin/bpxgconvert.bat has been tailored successfully.
File86=[11-17-2014 12:22:03] C:\dlc113\properties/proxygen.xml has been tailored successfully.
File87=[11-17-2014 12:22:03] C:\dlc113\bin/proDebugger.bat has been tailored successfully.
File88=[11-17-2014 12:22:03] C:\dlc113\bin/startdbs.bat has been tailored successfully.
File89=[11-17-2014 12:22:03] C:\dlc113\bin/stopdbs.bat has been tailored successfully.
File90=[11-17-2014 12:22:03] C:\dlc113\icf.pf has been tailored successfully.
File91=[11-17-2014 12:22:03] C:\dlc113\bin/bprowcappdep.bat has been tailored successfully.
File92=[11-17-2014 12:22:03] C:\dlc113\bin/MakeTestCert.bat has been tailored successfully.
File93=[11-17-2014 12:22:03] C:\dlc113\as.pf has been tailored successfully.
File94=[11-17-2014 12:22:03] C:\dlc113\servlets/wsa/WEB-INF/web.xml has been tailored successfully.
File95=[11-17-2014 12:22:03] C:\dlc113\bin/wsaconfig.bat has been tailored successfully.
File96=[11-17-2014 12:22:04] C:\dlc113\bin/wsaviewer.bat has been tailored successfully.
File97=[11-17-2014 12:22:04] C:\dlc113\bin/dbrstrct.bat has been tailored successfully.
File98=[11-17-2014 12:22:04] C:\dlc113\bin/deldb.bat has been tailored successfully.
File99=[11-17-2014 12:22:04] C:\dlc113\bin/dumpdb.bat has been tailored successfully.
File100=[11-17-2014 12:22:04] C:\dlc113\bin/mkdump.bat has been tailored successfully.
File101=[11-17-2014 12:22:04] C:\dlc113\bin/multmenu.bat has been tailored successfully.
File102=[11-17-2014 12:22:04] C:\dlc113\bin/newdb.bat has been tailored successfully.
File103=[11-17-2014 12:22:04] C:\dlc113\bin/reloaddb.bat has been tailored successfully.
File104=[11-17-2014 12:22:04] C:\dlc113\bin/strtsrvr.bat has been tailored successfully.
File105=[11-17-2014 12:22:04] C:\dlc113\properties/msngrs.properties has been tailored successfully.
File106=[11-17-2014 12:22:04] C:\dlc113\bin/proKillAgent.bat has been tailored successfully.
File107=[11-17-2014 12:22:04] C:\dlc113\bin/bprowsdldoc.bat has been tailored successfully.
File108=[11-17-2014 12:22:04] C:\dlc113\bin/bproxsdto4gl.bat has been tailored successfully.

[DeltaFilesMerged]
File1=[11-17-2014 12:22:09] C:\dlc113\PROPER~1\delta\fathom.delta has been merged successfully.

[TailoringExtensions]
Extension1=[11-17-2014 12:22:09] C:\dlc113\bin\Fathomtlr.dll has been executed successfully.
Extension2=[11-17-2014 12:22:09] C:\dlc113\bin\ntsrvtlr.dll has been executed successfully.
Extension3=[11-17-2014 12:22:09] C:\dlc113\bin\prodbgtlr.dll has been executed successfully.
Extension4=[11-17-2014 12:22:10] C:\dlc113\bin\psi_tlr.dll has been executed successfully.
Extension5=[11-17-2014 12:22:10] C:\dlc113\bin\wstrntlr.dll has been executed successfully.

[TailoringClasses]
Start=[11-17-2014 12:22:10]  
Finish=[11-17-2014 12:22:29]  
[InstalledShortcuts]
Shortcut1=[11-17-2014 12:22:30] Help
Shortcut2=[11-17-2014 12:22:31] Proenv
Shortcut3=[11-17-2014 12:22:32] Version Info
Shortcut4=[11-17-2014 12:22:33] Release Notes
Shortcut5=[11-17-2014 12:22:34] Config
Shortcut6=[11-17-2014 12:22:35] License Info
Shortcut7=[11-17-2014 12:22:36] License Update
Shortcut8=[11-17-2014 12:22:37] Add Components
Shortcut9=[11-17-2014 12:22:38] Data Administration
Shortcut10=[11-17-2014 12:22:39] Data Dictionary
Shortcut11=[11-17-2014 12:22:40] Character Client
Shortcut12=[11-17-2014 12:22:41] Application Compiler
Shortcut13=[11-17-2014 12:22:42] Desktop
Shortcut14=[11-17-2014 12:22:43] 4GL Batch Engine
Shortcut15=[11-17-2014 12:22:44] Client
Shortcut16=[11-17-2014 12:22:45] Audit Policy Maintenance
Shortcut17=[11-17-2014 12:22:46] RESULTS
Shortcut18=[11-17-2014 12:22:47] Proxy Generator
Shortcut19=[11-17-2014 12:22:48] Debugger
Shortcut20=[11-17-2014 12:22:49] Dynamics Configuration Utility
Shortcut21=[11-17-2014 12:22:50] Dynamics Development
Shortcut22=[11-17-2014 12:22:51] Dynamics Runtime
Shortcut23=[11-17-2014 12:22:52] Dynamics Runtime with AppServer
Shortcut24=[11-17-2014 12:22:53] Start Dynamics DB Servers
Shortcut25=[11-17-2014 12:22:54] Stop Dynamics DB Servers
Shortcut26=[11-17-2014 12:22:55] AppBuilder
Shortcut27=[11-17-2014 12:22:57] 
Shortcut28=[11-17-2014 12:22:57] SpeedStart
Shortcut29=[11-17-2014 12:22:57] Uninstall OpenEdge
[ResponseResult]
ResultCode=0
ResultDescription=Installation completed successfully.
