[CompletedEvents]
Event2=[11-17-2014 11:48:10] The Setup Utility has copied the support files.
Event3=[11-17-2014 11:48:10] The Setup Utility has created the config file.
Event4=[11-17-2014 11:48:13] The Setup Utility is extracting archives
Event5=[11-17-2014 11:52:44] The Setup Utility has extracted archives
Event6=[11-17-2014 11:52:46] The Setup Utility has installed system files.
Event7=[11-17-2014 11:52:58] The Setup Utility is configuring files.
Event8=[11-17-2014 11:52:59] The Setup Utility has configured language files.
Event9=[11-17-2014 11:52:59] The Setup Utility is updating the Registry.
Event10=[11-17-2014 11:52:59] The Setup Utility has modified ini files.
Event11=[11-17-2014 11:53:02] The Setup Utility has dumped the .ini data to the registry.
Event12=[11-17-2014 11:53:37] The Tailoring Dlls have configured OpenEdge files.
Event13=[11-17-2014 11:54:04] The Setup Utility has created Folder and Items.

[RuntimeStatus]
Progress=99 
[SystemFiles]
File1=[11-17-2014 11:52:44] C:\Windows\system32\stdole2.tlb was successfully installed.
File2=[11-17-2014 11:52:44] C:\Windows\system32\sstree.ocx was successfully installed.
File3=[11-17-2014 11:52:44] C:\Windows\system32\pstimer.ocx was successfully installed.
File4=[11-17-2014 11:52:44] C:\Windows\system32\pstimer.chm was successfully installed.
File5=[11-17-2014 11:52:44] C:\Windows\system32\olepro32.dll was successfully installed.
File6=[11-17-2014 11:52:44] C:\Windows\system32\oleaut32.dll was successfully installed.
File7=[11-17-2014 11:52:44] C:\Windows\system32\msvcr71.dll was successfully installed.
File8=[11-17-2014 11:52:44] C:\Windows\system32\msvcr70.dll was successfully installed.
File9=[11-17-2014 11:52:44] C:\Windows\system32\msvcp71.dll was successfully installed.
File10=[11-17-2014 11:52:44] C:\Windows\system32\msvcp70.dll was successfully installed.
File11=[11-17-2014 11:52:44] C:\Windows\system32\msvci70.dll was successfully installed.
File12=[11-17-2014 11:52:45] C:\Windows\system32\mscomctl.ocx was successfully installed.
File13=[11-17-2014 11:52:45] C:\Windows\system32\mfc71u.dll was successfully installed.
File14=[11-17-2014 11:52:45] C:\Windows\system32\mfc71.dll was successfully installed.
File15=[11-17-2014 11:52:45] C:\Windows\system32\mfc70u.dll was successfully installed.
File16=[11-17-2014 11:52:45] C:\Windows\system32\mfc70.dll was successfully installed.
File17=[11-17-2014 11:52:45] C:\Windows\system32\csspin32.ocx was successfully installed.
File18=[11-17-2014 11:52:45] C:\Windows\system32\csspin.chm was successfully installed.
File19=[11-17-2014 11:52:45] C:\Windows\system32\cslist32.ocx was successfully installed.
File20=[11-17-2014 11:52:45] C:\Windows\system32\cscomb32.ocx was successfully installed.
File21=[11-17-2014 11:52:45] C:\Windows\system32\cscomb.chm was successfully installed.
File22=[11-17-2014 11:52:45] C:\Windows\system32\comctl32.ocx was successfully installed.
File23=[11-17-2014 11:52:45] C:\Windows\system32\cihttp.ocx was successfully installed.
File24=[11-17-2014 11:52:45] C:\Windows\system32\asycfilt.dll was successfully installed.
File25=[11-17-2014 11:52:45] C:\Windows\system32\evntlog.dll was successfully installed.
File26=[11-17-2014 11:52:45] C:\Program Files (x86)\Common Files\Progress Software\10\prox.dll was successfully installed.
File27=[11-17-2014 11:52:45] C:\Program Files (x86)\Common Files\Progress Software\PSCCab.dll was successfully installed.

[FilesTailored]
File1=[11-17-2014 11:52:46] C:\dlc101b\bin/proenv.bat has been tailored successfully.
File2=[11-17-2014 11:52:46] C:\dlc101b\bin/progress.ini has been tailored successfully.
File3=[11-17-2014 11:52:46] C:\dlc101b\version has been tailored successfully.
File4=[11-17-2014 11:52:46] C:\dlc101b\bin/dbutil.bat has been tailored successfully.
File5=[11-17-2014 11:52:46] C:\dlc101b\bin/probkup.bat has been tailored successfully.
File6=[11-17-2014 11:52:46] C:\dlc101b\bin/procopy.bat has been tailored successfully.
File7=[11-17-2014 11:52:46] C:\dlc101b\bin/promon.bat has been tailored successfully.
File8=[11-17-2014 11:52:47] C:\dlc101b\bin/proquiet.bat has been tailored successfully.
File9=[11-17-2014 11:52:47] C:\dlc101b\bin/prorest.bat has been tailored successfully.
File10=[11-17-2014 11:52:47] C:\dlc101b\bin/prostrct.bat has been tailored successfully.
File11=[11-17-2014 11:52:47] C:\dlc101b\bin/proutil.bat has been tailored successfully.
File12=[11-17-2014 11:52:47] C:\dlc101b\bin/rfutil.bat has been tailored successfully.
File13=[11-17-2014 11:52:47] C:\dlc101b\bin/sqldump.bat has been tailored successfully.
File14=[11-17-2014 11:52:47] C:\dlc101b\bin/sqlexp.bat has been tailored successfully.
File15=[11-17-2014 11:52:47] C:\dlc101b\bin/sqlload.bat has been tailored successfully.
File16=[11-17-2014 11:52:47] C:\dlc101b\bin/sqlschema.bat has been tailored successfully.
File17=[11-17-2014 11:52:47] C:\dlc101b\bin/proaiw.bat has been tailored successfully.
File18=[11-17-2014 11:52:47] C:\dlc101b\bin/proapw.bat has been tailored successfully.
File19=[11-17-2014 11:52:47] C:\dlc101b\bin/probiw.bat has been tailored successfully.
File20=[11-17-2014 11:52:47] C:\dlc101b\bin/proserve.bat has been tailored successfully.
File21=[11-17-2014 11:52:47] C:\dlc101b\bin/proshut.bat has been tailored successfully.
File22=[11-17-2014 11:52:47] C:\dlc101b\bin/prowdog.bat has been tailored successfully.
File23=[11-17-2014 11:52:47] C:\dlc101b\bin/dbagent.bat has been tailored successfully.
File24=[11-17-2014 11:52:47] C:\dlc101b\bin/dbconfig.bat has been tailored successfully.
File25=[11-17-2014 11:52:48] C:\dlc101b\bin/dbman.bat has been tailored successfully.
File26=[11-17-2014 11:52:48] C:\dlc101b\prolang/install.pf has been tailored successfully.
File27=[11-17-2014 11:52:48] C:\dlc101b\properties/conmgr.properties has been tailored successfully.
File28=[11-17-2014 11:52:48] C:\dlc101b\bin/mergeprop.bat has been tailored successfully.
File29=[11-17-2014 11:52:48] C:\dlc101b\bin/ubutil.bat has been tailored successfully.
File30=[11-17-2014 11:52:48] C:\dlc101b\properties/JavaTools.properties has been tailored successfully.
File31=[11-17-2014 11:52:49] C:\dlc101b\bin/certutil.bat has been tailored successfully.
File32=[11-17-2014 11:52:49] C:\dlc101b\bin/mkhashfile.bat has been tailored successfully.
File33=[11-17-2014 11:52:49] C:\dlc101b\bin/procertm.bat has been tailored successfully.
File34=[11-17-2014 11:52:50] C:\dlc101b\bin/bpro.bat has been tailored successfully.
File35=[11-17-2014 11:52:50] C:\dlc101b\bin/mbpro.bat has been tailored successfully.
File36=[11-17-2014 11:52:50] C:\dlc101b\bin/mpro.bat has been tailored successfully.
File37=[11-17-2014 11:52:50] C:\dlc101b\bin/pro.bat has been tailored successfully.
File38=[11-17-2014 11:52:50] C:\dlc101b\bin/wtbman.bat has been tailored successfully.
File39=[11-17-2014 11:52:50] C:\dlc101b\bin/bproxygen.bat has been tailored successfully.
File40=[11-17-2014 11:52:50] C:\dlc101b\bin/bpxgconvert.bat has been tailored successfully.
File41=[11-17-2014 11:52:50] C:\dlc101b\properties/proxygen.xml has been tailored successfully.
File42=[11-17-2014 11:52:50] C:\dlc101b\properties/international.properties has been tailored successfully.
File43=[11-17-2014 11:52:50] C:\dlc101b\bin/proDebugger.bat has been tailored successfully.
File44=[11-17-2014 11:52:50] C:\dlc101b\bin/startdbs.bat has been tailored successfully.
File45=[11-17-2014 11:52:50] C:\dlc101b\bin/stopdbs.bat has been tailored successfully.
File46=[11-17-2014 11:52:50] C:\dlc101b\icf.pf has been tailored successfully.
File47=[11-17-2014 11:52:51] C:\dlc101b\bin/bprowcappdep.bat has been tailored successfully.
File48=[11-17-2014 11:52:51] C:\dlc101b\bin/MakeTestCert.bat has been tailored successfully.
File49=[11-17-2014 11:52:51] C:\dlc101b\bin/proDebugConfig.bat has been tailored successfully.
File50=[11-17-2014 11:52:51] C:\dlc101b\bin/proDebugEnable.bat has been tailored successfully.
File51=[11-17-2014 11:52:51] C:\dlc101b\bin/proadsv.bat has been tailored successfully.
File52=[11-17-2014 11:52:51] C:\dlc101b\as.pf has been tailored successfully.
File53=[11-17-2014 11:52:51] C:\dlc101b\servlets/wsa/WEB-INF/web.xml has been tailored successfully.
File54=[11-17-2014 11:52:52] C:\dlc101b\bin/aiaconfig.bat has been tailored successfully.
File55=[11-17-2014 11:52:52] C:\dlc101b\bin/ubconfig.bat has been tailored successfully.
File56=[11-17-2014 11:52:52] C:\dlc101b\servlets/aia/WEB-INF/web.xml has been tailored successfully.
File57=[11-17-2014 11:52:52] C:\dlc101b\bin/adaptconfig.bat has been tailored successfully.
File58=[11-17-2014 11:52:52] C:\dlc101b\bin/adaptman.bat has been tailored successfully.
File59=[11-17-2014 11:52:52] C:\dlc101b\properties/AdminServerPlugins.properties has been tailored successfully.
File60=[11-17-2014 11:52:52] C:\dlc101b\bin/wsaconfig.bat has been tailored successfully.
File61=[11-17-2014 11:52:52] C:\dlc101b\bin/wsaman.bat has been tailored successfully.
File62=[11-17-2014 11:52:52] C:\dlc101b\bin/wsaviewer.bat has been tailored successfully.
File63=[11-17-2014 11:52:52] C:\dlc101b\install/tlr/installtlr.bat has been tailored successfully.
File64=[11-17-2014 11:52:52] C:\dlc101b\install/tlr/installtlr.properties has been tailored successfully.
File65=[11-17-2014 11:52:53] C:\dlc101b\install/tlr/installtlr.xml has been tailored successfully.
File66=[11-17-2014 11:52:53] C:\dlc101b\bin/proexp.bat has been tailored successfully.
File67=[11-17-2014 11:52:53] C:\dlc101b\proexp.prm has been tailored successfully.
File68=[11-17-2014 11:52:53] C:\dlc101b\bin/asbman.bat has been tailored successfully.
File69=[11-17-2014 11:52:53] C:\dlc101b\bin/asconfig.bat has been tailored successfully.
File70=[11-17-2014 11:52:53] C:\dlc101b\bin/genpassword.bat has been tailored successfully.
File71=[11-17-2014 11:52:53] C:\dlc101b\bin/genuuid.bat has been tailored successfully.
File72=[11-17-2014 11:52:53] C:\dlc101b\bin/nsconfig.bat has been tailored successfully.
File73=[11-17-2014 11:52:53] C:\dlc101b\bin/nsman.bat has been tailored successfully.
File74=[11-17-2014 11:52:53] C:\dlc101b\bin/wsconfig.bat has been tailored successfully.
File75=[11-17-2014 11:52:53] C:\dlc101b\bin/fmconfig.bat has been tailored successfully.
File76=[11-17-2014 11:52:53] C:\dlc101b\bin/dbrstrct.bat has been tailored successfully.
File77=[11-17-2014 11:52:53] C:\dlc101b\bin/deldb.bat has been tailored successfully.
File78=[11-17-2014 11:52:53] C:\dlc101b\bin/dumpdb.bat has been tailored successfully.
File79=[11-17-2014 11:52:53] C:\dlc101b\bin/mkdump.bat has been tailored successfully.
File80=[11-17-2014 11:52:54] C:\dlc101b\bin/multmenu.bat has been tailored successfully.
File81=[11-17-2014 11:52:54] C:\dlc101b\bin/newdb.bat has been tailored successfully.
File82=[11-17-2014 11:52:54] C:\dlc101b\bin/reloaddb.bat has been tailored successfully.
File83=[11-17-2014 11:52:54] C:\dlc101b\bin/strtsrvr.bat has been tailored successfully.
File84=[11-17-2014 11:52:54] C:\dlc101b\properties/ubroker.properties has been tailored successfully.
File85=[11-17-2014 11:52:55] C:\dlc101b\properties/ubroker.samples has been tailored successfully.
File86=[11-17-2014 11:52:55] C:\dlc101b\properties/msngrs.properties has been tailored successfully.
File87=[11-17-2014 11:52:57] C:\dlc101b\bin/pkiutil.bat has been tailored successfully.
File88=[11-17-2014 11:52:57] C:\dlc101b\bin/mssconfig.bat has been tailored successfully.
File89=[11-17-2014 11:52:57] C:\dlc101b\bin/mssman.bat has been tailored successfully.
File90=[11-17-2014 11:52:57] C:\dlc101b\bin/oraconfig.bat has been tailored successfully.
File91=[11-17-2014 11:52:57] C:\dlc101b\bin/oraman.bat has been tailored successfully.

[TailoringExtensions]
Extension1=[11-17-2014 11:53:02] C:\dlc101b\bin\ntsrvtlr.dll has been executed successfully.
Extension2=[11-17-2014 11:53:02] C:\dlc101b\bin\prodbgtlr.dll has been executed successfully.
Extension3=[11-17-2014 11:53:02] C:\dlc101b\bin\proexptlr.dll has been executed successfully.
Extension4=[11-17-2014 11:53:02] C:\dlc101b\bin\psi_tlr.dll has been executed successfully.
Extension5=[11-17-2014 11:53:03] C:\dlc101b\bin\wstrntlr.dll has been executed successfully.

[TailoringClasses]
Start=[11-17-2014 11:53:03]  
Finish=[11-17-2014 11:53:37]  
[InstalledShortcuts]
Shortcut1=[11-17-2014 11:53:38] Help
Shortcut2=[11-17-2014 11:53:39] Proenv
Shortcut3=[11-17-2014 11:53:40] Version Info
Shortcut4=[11-17-2014 11:53:41] Config
Shortcut5=[11-17-2014 11:53:42] License Update
Shortcut6=[11-17-2014 11:53:43] Release Notes
Shortcut7=[11-17-2014 11:53:44] Add Components
Shortcut8=[11-17-2014 11:53:45] Data Administration
Shortcut9=[11-17-2014 11:53:46] Data Dictionary
Shortcut10=[11-17-2014 11:53:47] RESULTS
Shortcut11=[11-17-2014 11:53:48] Character Client
Shortcut12=[11-17-2014 11:53:49] 4GL Batch Engine
Shortcut13=[11-17-2014 11:53:50] Desktop
Shortcut14=[11-17-2014 11:53:51] Client
Shortcut15=[11-17-2014 11:53:52] Proxy Generator
Shortcut16=[11-17-2014 11:53:53] Debugger
Shortcut17=[11-17-2014 11:53:54] Dynamics Configuration Utility
Shortcut18=[11-17-2014 11:53:55] Dynamics Development
Shortcut19=[11-17-2014 11:53:56] Dynamics Runtime
Shortcut20=[11-17-2014 11:53:57] Dynamics Runtime with AppServer
Shortcut21=[11-17-2014 11:53:58] Start Dynamics DB Servers
Shortcut22=[11-17-2014 11:53:59] Stop Dynamics DB Servers
Shortcut23=[11-17-2014 11:54:00] Application Compiler
Shortcut24=[11-17-2014 11:54:01] AppBuilder
Shortcut25=[11-17-2014 11:54:02] Audit Policy Maintenance
Shortcut26=[11-17-2014 11:54:03] 
Shortcut27=[11-17-2014 11:54:04] Progress Explorer Tool
Shortcut28=[11-17-2014 11:54:04] SpeedStart
Shortcut29=[11-17-2014 11:54:04] Uninstall OpenEdge
[ResponseResult]
ResultCode=0
ResultDescription=Installation completed successfully.
